<?xml version="1.0" encoding="utf-8"?>
<TestRun id="4d25fe09-d4bb-466e-88db-085c41318992" name="cdigg@AREA51 2026-09-06 14:13:13" runUser="area51\CodexSandboxOffline" xmlns="http://microsoft.com/schemas/VisualStudio/TeamTest/2010">
  <Times creation="2026-09-06T14:13:13.5222555-04:00" queuing="2026-09-06T14:13:13.5222559-04:00" start="2026-09-06T14:13:11.0977989-04:00" finish="2026-09-06T14:13:13.6549884-04:00" />
  <TestSettings name="default" id="3939df1a-8fe1-4705-b9b4-507938a64789">
    <Deployment runDeploymentRoot="cdigg_AREA51_2026-09-06_14_13_13" />
  </TestSettings>
  <Results>
    <UnitTestResult executionId="7632f069-d3d2-4334-945f-f657083ae0ab" testId="029c8dc6-4c76-b497-67fd-7f9608873c5e" testName="BoundingBoxOverlapDoesNotEstablishEvenZeroSolidOverlap" computerName="AREA51" duration="00:00:00.0032640" startTime="2026-09-06T14:13:13.4862699-04:00" endTime="2026-09-06T14:13:13.4895330-04:00" testType="13cdc9d9-ddb5-4fa4-a97d-d965ccfc6d4b" outcome="Passed" testListId="8c84fa94-04c1-424b-9868-57a2d4851a1d" relativeResultsDirectory="7632f069-d3d2-4334-945f-f657083ae0ab" />
    <UnitTestResult executionId="51f6b83b-a570-426d-a8e5-221713b5a66d" testId="38dc32eb-3a50-e193-cdab-7a6c6776497e" testName="ARoomProgramCanBeQueriedBeforeGeometryAndRetainsUnmeasuredRooms" computerName="AREA51" duration="00:00:00.0043000" startTime="2026-09-06T14:13:13.5380066-04:00" endTime="2026-09-06T14:13:13.5423062-04:00" testType="13cdc9d9-ddb5-4fa4-a97d-d965ccfc6d4b" outcome="Passed" testListId="8c84fa94-04c1-424b-9868-57a2d4851a1d" relativeResultsDirectory="51f6b83b-a570-426d-a8e5-221713b5a66d" />
    <UnitTestResult executionId="f0093ebd-b773-4b88-8999-91da1d91e043" testId="e6cdfa65-7ed4-e0e7-29f7-3c7b73a00f21" testName="MissingEnergySamplesAreNotZeroAndSimulationOptionsRemainDistinct" computerName="AREA51" duration="00:00:00.0049959" startTime="2026-09-06T14:13:13.5328627-04:00" endTime="2026-09-06T14:13:13.5378588-04:00" testType="13cdc9d9-ddb5-4fa4-a97d-d965ccfc6d4b" outcome="Passed" testListId="8c84fa94-04c1-424b-9868-57a2d4851a1d" relativeResultsDirectory="f0093ebd-b773-4b88-8999-91da1d91e043" />
    <UnitTestResult executionId="1158a39d-e2b9-4b42-b1f3-44e1bf47d3f0" testId="5c3dee81-586a-2848-a826-3cddb59f3572" testName="OppositeWallFacesAndUnassignedFinishesRemainSeparateScopes" computerName="AREA51" duration="00:00:00.0017050" startTime="2026-09-06T14:13:13.5795208-04:00" endTime="2026-09-06T14:13:13.5812260-04:00" testType="13cdc9d9-ddb5-4fa4-a97d-d965ccfc6d4b" outcome="Passed" testListId="8c84fa94-04c1-424b-9868-57a2d4851a1d" relativeResultsDirectory="1158a39d-e2b9-4b42-b1f3-44e1bf47d3f0" />
    <UnitTestResult executionId="5a34f377-0447-469c-bf5f-fe671beb2e43" testId="625674ca-07b3-0e54-3d89-8cb49aabb8f6" testName="SharedPenetrationKeepsServiceCountSeparateFromFirestopAssemblyCount" computerName="AREA51" duration="00:00:00.0026059" startTime="2026-09-06T14:13:13.5684350-04:00" endTime="2026-09-06T14:13:13.5710402-04:00" testType="13cdc9d9-ddb5-4fa4-a97d-d965ccfc6d4b" outcome="Passed" testListId="8c84fa94-04c1-424b-9868-57a2d4851a1d" relativeResultsDirectory="5a34f377-0447-469c-bf5f-fe671beb2e43" />
    <UnitTestResult executionId="176da6c6-593b-4e84-ac07-d6e02137dfe0" testId="7b32566a-f334-755d-8f91-85b98f56fd88" testName="TableIdentitiesAndForeignKeysReferToTheirDeclaredRowTypes" computerName="AREA51" duration="00:00:00.0205780" startTime="2026-09-06T14:13:13.4639533-04:00" endTime="2026-09-06T14:13:13.4845304-04:00" testType="13cdc9d9-ddb5-4fa4-a97d-d965ccfc6d4b" outcome="Passed" testListId="8c84fa94-04c1-424b-9868-57a2d4851a1d" relativeResultsDirectory="176da6c6-593b-4e84-ac07-d6e02137dfe0" />
    <UnitTestResult executionId="79449e4c-4262-4979-97d2-9ebe63d66c24" testId="c906db61-cc65-1c1e-82b0-4828926a1398" testName="EveryWorkflowCandidateHasAnIndexEntryPointingToActualCompiledTypes" computerName="AREA51" duration="00:00:00.4214040" startTime="2026-09-06T14:13:13.0412562-04:00" endTime="2026-09-06T14:13:13.4626070-04:00" testType="13cdc9d9-ddb5-4fa4-a97d-d965ccfc6d4b" outcome="Passed" testListId="8c84fa94-04c1-424b-9868-57a2d4851a1d" relativeResultsDirectory="79449e4c-4262-4979-97d2-9ebe63d66c24" />
    <UnitTestResult executionId="97bb6815-df90-406a-8dcb-2e26eb8af93e" testId="78034db0-740d-5b4e-d56b-45539a8a17e7" testName="TraceMembersCannotReferToAConnectionFromAnotherIssue" computerName="AREA51" duration="00:00:00.0004360" startTime="2026-09-06T14:13:13.5021220-04:00" endTime="2026-09-06T14:13:13.5025574-04:00" testType="13cdc9d9-ddb5-4fa4-a97d-d965ccfc6d4b" outcome="Passed" testListId="8c84fa94-04c1-424b-9868-57a2d4851a1d" relativeResultsDirectory="97bb6815-df90-406a-8dcb-2e26eb8af93e" />
    <UnitTestResult executionId="d7ac2e67-06c9-42d3-bdc2-11c90b06ea8e" testId="34f036ae-aa82-fbf1-9f21-655f54e93c31" testName="ContradictoryCoverageAndNegativeCountsAreReportedWithoutThrowing" computerName="AREA51" duration="00:00:00.0017980" startTime="2026-09-06T14:13:13.4895642-04:00" endTime="2026-09-06T14:13:13.4913622-04:00" testType="13cdc9d9-ddb5-4fa4-a97d-d965ccfc6d4b" outcome="Passed" testListId="8c84fa94-04c1-424b-9868-57a2d4851a1d" relativeResultsDirectory="d7ac2e67-06c9-42d3-bdc2-11c90b06ea8e" />
    <UnitTestResult executionId="23d20a32-b8cc-4264-8faa-d6be99746b01" testId="b5e11c7e-de9f-29dd-d639-b0d0ecbe6418" testName="SpatialToleranceMustBeFiniteAndNonnegative(-0.001d)" computerName="AREA51" duration="00:00:00.0001330" startTime="2026-09-06T14:13:13.5018264-04:00" endTime="2026-09-06T14:13:13.5019589-04:00" testType="13cdc9d9-ddb5-4fa4-a97d-d965ccfc6d4b" outcome="Passed" testListId="8c84fa94-04c1-424b-9868-57a2d4851a1d" relativeResultsDirectory="23d20a32-b8cc-4264-8faa-d6be99746b01" />
    <UnitTestResult executionId="c097006a-18d8-4141-aa87-b77f76d6ece5" testId="4c90617f-ad52-d656-808f-02ca6df4e505" testName="PassRequiresCompleteRelevantEvidenceButConclusiveFailureDoesNot(NotObserved)" computerName="AREA51" duration="00:00:00.0001420" startTime="2026-09-06T14:13:13.5016306-04:00" endTime="2026-09-06T14:13:13.5017728-04:00" testType="13cdc9d9-ddb5-4fa4-a97d-d965ccfc6d4b" outcome="Passed" testListId="8c84fa94-04c1-424b-9868-57a2d4851a1d" relativeResultsDirectory="c097006a-18d8-4141-aa87-b77f76d6ece5" />
    <UnitTestResult executionId="eb91e0be-9224-49e3-a15e-c48b1f93ded3" testId="6343149a-0963-ad40-1902-ea77843e6831" testName="IncompleteOrTruncatedTraceCannotProvePhysicalDisconnection(Partial,False)" computerName="AREA51" duration="00:00:00.0015230" startTime="2026-09-06T14:13:13.4965767-04:00" endTime="2026-09-06T14:13:13.4980996-04:00" testType="13cdc9d9-ddb5-4fa4-a97d-d965ccfc6d4b" outcome="Passed" testListId="8c84fa94-04c1-424b-9868-57a2d4851a1d" relativeResultsDirectory="eb91e0be-9224-49e3-a15e-c48b1f93ded3" />
    <UnitTestResult executionId="b44d33f8-bfda-488b-a36d-6d322c4add05" testId="671d2317-32b3-e2c5-615f-acbf615f7d8c" testName="DefaultStatesCannotAccidentallyAssertApprovalOrCompleteCoverage" computerName="AREA51" duration="00:00:00.0025699" startTime="2026-09-06T14:13:13.4934040-04:00" endTime="2026-09-06T14:13:13.4959733-04:00" testType="13cdc9d9-ddb5-4fa4-a97d-d965ccfc6d4b" outcome="Passed" testListId="8c84fa94-04c1-424b-9868-57a2d4851a1d" relativeResultsDirectory="b44d33f8-bfda-488b-a36d-6d322c4add05" />
    <UnitTestResult executionId="9e5bd33d-73cb-4a1a-906e-2c3905e946ba" testId="b0144b59-6810-da5b-e96b-178041a216eb" testName="TwoRoomsShareOneWallWithoutMakingBoundaryAreaAFinishTakeoff" computerName="AREA51" duration="00:00:00.0025890" startTime="2026-09-06T14:13:13.5540521-04:00" endTime="2026-09-06T14:13:13.5566413-04:00" testType="13cdc9d9-ddb5-4fa4-a97d-d965ccfc6d4b" outcome="Passed" testListId="8c84fa94-04c1-424b-9868-57a2d4851a1d" relativeResultsDirectory="9e5bd33d-73cb-4a1a-906e-2c3905e946ba" />
    <UnitTestResult executionId="2fc6af3d-6990-48fc-beb5-0b1ae7a8e393" testId="34e68301-ff73-a34b-4b5e-f16207e50673" testName="CarbonCalculationRetainsFactorUnitModuleAndMissingFactorCoverage" computerName="AREA51" duration="00:00:00.0080590" startTime="2026-09-06T14:13:13.5059000-04:00" endTime="2026-09-06T14:13:13.5139584-04:00" testType="13cdc9d9-ddb5-4fa4-a97d-d965ccfc6d4b" outcome="Passed" testListId="8c84fa94-04c1-424b-9868-57a2d4851a1d" relativeResultsDirectory="2fc6af3d-6990-48fc-beb5-0b1ae7a8e393" />
    <UnitTestResult executionId="d06c33e9-8fef-4fd1-b28d-7aebe2a6896b" testId="8f14c8a1-8e66-43e8-6468-7898f35595b2" testName="TraversalCanSelectDeclaredConnectionsWithoutPromotingInferredOnes" computerName="AREA51" duration="00:00:00.0029540" startTime="2026-09-06T14:13:13.5025706-04:00" endTime="2026-09-06T14:13:13.5055240-04:00" testType="13cdc9d9-ddb5-4fa4-a97d-d965ccfc6d4b" outcome="Passed" testListId="8c84fa94-04c1-424b-9868-57a2d4851a1d" relativeResultsDirectory="d06c33e9-8fef-4fd1-b28d-7aebe2a6896b" />
    <UnitTestResult executionId="917e6351-da16-4070-b321-8b70525b3c94" testId="7b014bd4-b007-d79b-3054-33923063b4a9" testName="EgressResultRetainsItsRequirementAndUnresolvedRoute" computerName="AREA51" duration="00:00:00.0005220" startTime="2026-09-06T14:13:13.4960115-04:00" endTime="2026-09-06T14:13:13.4965332-04:00" testType="13cdc9d9-ddb5-4fa4-a97d-d965ccfc6d4b" outcome="Passed" testListId="8c84fa94-04c1-424b-9868-57a2d4851a1d" relativeResultsDirectory="917e6351-da16-4070-b321-8b70525b3c94" />
    <UnitTestResult executionId="61e61f63-3fdf-489a-816e-a07fb699421a" testId="dd357077-5e2c-6ff0-af15-e2e07d9511f2" testName="MaterialTakeoffSelectsDisjointLeavesAndTheirSelectedObservations" computerName="AREA51" duration="00:00:00.0064440" startTime="2026-09-06T14:13:13.5263814-04:00" endTime="2026-09-06T14:13:13.5328247-04:00" testType="13cdc9d9-ddb5-4fa4-a97d-d965ccfc6d4b" outcome="Passed" testListId="8c84fa94-04c1-424b-9868-57a2d4851a1d" relativeResultsDirectory="61e61f63-3fdf-489a-816e-a07fb699421a" />
    <UnitTestResult executionId="036ddedd-564f-4d89-8001-6ad49bbc61b3" testId="73a90a64-8617-cb7b-0c12-c11fef0e3d7d" testName="ServingTwoLevelsDoesNotSupplyAnEgressAuthorization" computerName="AREA51" duration="00:00:00.0027070" startTime="2026-09-06T14:13:13.5513232-04:00" endTime="2026-09-06T14:13:13.5540294-04:00" testType="13cdc9d9-ddb5-4fa4-a97d-d965ccfc6d4b" outcome="Passed" testListId="8c84fa94-04c1-424b-9868-57a2d4851a1d" relativeResultsDirectory="036ddedd-564f-4d89-8001-6ad49bbc61b3" />
    <UnitTestResult executionId="fd91cb29-2c42-44c4-b792-babfd105cf19" testId="e5a0e766-2cd1-a494-ae68-17dc80c885d3" testName="RoofingUsesSurfaceAreaAndReportsTheUnmeasuredScope" computerName="AREA51" duration="00:00:00.0014450" startTime="2026-09-06T14:13:13.5812454-04:00" endTime="2026-09-06T14:13:13.5826905-04:00" testType="13cdc9d9-ddb5-4fa4-a97d-d965ccfc6d4b" outcome="Passed" testListId="8c84fa94-04c1-424b-9868-57a2d4851a1d" relativeResultsDirectory="fd91cb29-2c42-44c4-b792-babfd105cf19" />
    <UnitTestResult executionId="aeb1edcc-57a7-4e6c-895e-76adb8d438a6" testId="1b395683-3c57-329e-33f5-b257987ff62c" testName="AcceptedDeliveryIsNotAnInstallationObservation" computerName="AREA51" duration="00:00:00.0008740" startTime="2026-09-06T14:13:13.5762486-04:00" endTime="2026-09-06T14:13:13.5771218-04:00" testType="13cdc9d9-ddb5-4fa4-a97d-d965ccfc6d4b" outcome="Passed" testListId="8c84fa94-04c1-424b-9868-57a2d4851a1d" relativeResultsDirectory="aeb1edcc-57a7-4e6c-895e-76adb8d438a6" />
    <UnitTestResult executionId="6b326035-c30d-4adb-b818-dc5a00c1f159" testId="c5751f41-d0a1-213d-4888-526b58f2c6c7" testName="NominalPipeLabelsGroupPurchasesWithoutReplacingPhysicalDiameters" computerName="AREA51" duration="00:00:00.0078270" startTime="2026-09-06T14:13:13.5575908-04:00" endTime="2026-09-06T14:13:13.5654164-04:00" testType="13cdc9d9-ddb5-4fa4-a97d-d965ccfc6d4b" outcome="Passed" testListId="8c84fa94-04c1-424b-9868-57a2d4851a1d" relativeResultsDirectory="6b326035-c30d-4adb-b818-dc5a00c1f159" />
    <UnitTestResult executionId="c9335795-09d1-4014-97aa-11495f6143eb" testId="191cd7cc-ce8d-0178-19f2-ad6b9f5071a5" testName="SpatialToleranceMustBeFiniteAndNonnegative(double.NaN)" computerName="AREA51" duration="00:00:00.0001210" startTime="2026-09-06T14:13:13.5019664-04:00" endTime="2026-09-06T14:13:13.5020877-04:00" testType="13cdc9d9-ddb5-4fa4-a97d-d965ccfc6d4b" outcome="Passed" testListId="8c84fa94-04c1-424b-9868-57a2d4851a1d" relativeResultsDirectory="c9335795-09d1-4014-97aa-11495f6143eb" />
    <UnitTestResult executionId="33d06b6e-9022-4e4f-be17-07137f0130ac" testId="3c8a3447-2893-105a-a795-bd99c4ce9c8e" testName="MaintenanceHistoryJoinsToOnePhysicalPumpWithoutDuplicatingTheAsset" computerName="AREA51" duration="00:00:00.0122670" startTime="2026-09-06T14:13:13.5140767-04:00" endTime="2026-09-06T14:13:13.5263429-04:00" testType="13cdc9d9-ddb5-4fa4-a97d-d965ccfc6d4b" outcome="Passed" testListId="8c84fa94-04c1-424b-9868-57a2d4851a1d" relativeResultsDirectory="33d06b6e-9022-4e4f-be17-07137f0130ac" />
    <UnitTestResult executionId="807c2b42-b64c-461a-99c7-386ed77ce368" testId="a79f3cbe-e49f-47b9-1ed4-45f8d2f4ff19" testName="ZeroFalseInapplicableAndUnobservedAreDifferentAnswers" computerName="AREA51" duration="00:00:00.0008880" startTime="2026-09-06T14:13:13.5827096-04:00" endTime="2026-09-06T14:13:13.5835977-04:00" testType="13cdc9d9-ddb5-4fa4-a97d-d965ccfc6d4b" outcome="Passed" testListId="8c84fa94-04c1-424b-9868-57a2d4851a1d" relativeResultsDirectory="807c2b42-b64c-461a-99c7-386ed77ce368" />
    <UnitTestResult executionId="49e8b51e-9356-4ab0-b81f-217b1eaa6092" testId="6ec0ea2a-9697-e223-ec33-708f7cdf9e9c" testName="PassRequiresCompleteRelevantEvidenceButConclusiveFailureDoesNot(Partial)" computerName="AREA51" duration="00:00:00.0005620" startTime="2026-09-06T14:13:13.5010567-04:00" endTime="2026-09-06T14:13:13.5016181-04:00" testType="13cdc9d9-ddb5-4fa4-a97d-d965ccfc6d4b" outcome="Passed" testListId="8c84fa94-04c1-424b-9868-57a2d4851a1d" relativeResultsDirectory="49e8b51e-9356-4ab0-b81f-217b1eaa6092" />
    <UnitTestResult executionId="a3fc69cc-579c-4669-a5e2-565f832db960" testId="540ff59c-e478-3bf7-24e5-ca67cd376eba" testName="CutAndFillAreSeparateSubtotalsAndUnknownFillRemainsAnException" computerName="AREA51" duration="00:00:00.0020020" startTime="2026-09-06T14:13:13.5493013-04:00" endTime="2026-09-06T14:13:13.5513032-04:00" testType="13cdc9d9-ddb5-4fa4-a97d-d965ccfc6d4b" outcome="Passed" testListId="8c84fa94-04c1-424b-9868-57a2d4851a1d" relativeResultsDirectory="a3fc69cc-579c-4669-a5e2-565f832db960" />
    <UnitTestResult executionId="69c64dd7-0313-490b-99d3-a1eaf75e6ff1" testId="0bb7ebb1-403b-557c-7100-fb3eb06cd235" testName="DuctFlowAreaAndInsulatedEnvelopeUseDifferentDimensions" computerName="AREA51" duration="00:00:00.0007860" startTime="2026-09-06T14:13:13.5567877-04:00" endTime="2026-09-06T14:13:13.5575729-04:00" testType="13cdc9d9-ddb5-4fa4-a97d-d965ccfc6d4b" outcome="Passed" testListId="8c84fa94-04c1-424b-9868-57a2d4851a1d" relativeResultsDirectory="69c64dd7-0313-490b-99d3-a1eaf75e6ff1" />
    <UnitTestResult executionId="dc20e432-dd12-46e9-80fb-99575766c442" testId="67236843-5830-8857-44d9-0857b5b448e0" testName="BeamAndColumnSchedulesUseCutLengthsAndReportUnclassifiedMembers" computerName="AREA51" duration="00:00:00.0069310" startTime="2026-09-06T14:13:13.5423315-04:00" endTime="2026-09-06T14:13:13.5492622-04:00" testType="13cdc9d9-ddb5-4fa4-a97d-d965ccfc6d4b" outcome="Passed" testListId="8c84fa94-04c1-424b-9868-57a2d4851a1d" relativeResultsDirectory="dc20e432-dd12-46e9-80fb-99575766c442" />
    <UnitTestResult executionId="c82019a8-5381-40bb-8336-91317ced8a5d" testId="edb996cd-541e-3eab-485c-34dde8270be0" testName="KnownSubtotalCanSurviveAnUnpricedScopeButCompleteTotalCannot" computerName="AREA51" duration="00:00:00.0024260" startTime="2026-09-06T14:13:13.4985881-04:00" endTime="2026-09-06T14:13:13.5010130-04:00" testType="13cdc9d9-ddb5-4fa4-a97d-d965ccfc6d4b" outcome="Passed" testListId="8c84fa94-04c1-424b-9868-57a2d4851a1d" relativeResultsDirectory="c82019a8-5381-40bb-8336-91317ced8a5d" />
    <UnitTestResult executionId="7d522c27-ee19-474d-b7a5-5e410d461353" testId="aec97658-a7a6-408b-9394-319544a09631" testName="SharedSupportIsPurchasedOnceAlthoughItSupportsTwoTrades" computerName="AREA51" duration="00:00:00.0034220" startTime="2026-09-06T14:13:13.5710629-04:00" endTime="2026-09-06T14:13:13.5744842-04:00" testType="13cdc9d9-ddb5-4fa4-a97d-d965ccfc6d4b" outcome="Passed" testListId="8c84fa94-04c1-424b-9868-57a2d4851a1d" relativeResultsDirectory="7d522c27-ee19-474d-b7a5-5e410d461353" />
    <UnitTestResult executionId="933a10da-9474-49a5-a29b-ac44f221f4df" testId="862ab0f6-5359-29b7-c2ef-81d78ef321c3" testName="IncompleteOrTruncatedTraceCannotProvePhysicalDisconnection(NotObserved,False)" computerName="AREA51" duration="00:00:00.0002790" startTime="2026-09-06T14:13:13.4981615-04:00" endTime="2026-09-06T14:13:13.4984405-04:00" testType="13cdc9d9-ddb5-4fa4-a97d-d965ccfc6d4b" outcome="Passed" testListId="8c84fa94-04c1-424b-9868-57a2d4851a1d" relativeResultsDirectory="933a10da-9474-49a5-a29b-ac44f221f4df" />
    <UnitTestResult executionId="49146fb5-7bd9-4f4d-8417-b65bad47eb8e" testId="ea8bb01d-fb50-5380-769e-835f626fed70" testName="ToiletFlushDetailsEnrichOneFixtureAndUnobservedPortsRemainUnknown" computerName="AREA51" duration="00:00:00.0016300" startTime="2026-09-06T14:13:13.5745055-04:00" endTime="2026-09-06T14:13:13.5761352-04:00" testType="13cdc9d9-ddb5-4fa4-a97d-d965ccfc6d4b" outcome="Passed" testListId="8c84fa94-04c1-424b-9868-57a2d4851a1d" relativeResultsDirectory="49146fb5-7bd9-4f4d-8417-b65bad47eb8e" />
    <UnitTestResult executionId="2fcc444e-9c13-4553-bf6f-c3361c74c4cf" testId="8e7c777f-37a0-fc41-3200-6c6dc1cd0887" testName="PanelScheduleKeepsConnectedLoadDemandAndMissingCircuitsDistinct" computerName="AREA51" duration="00:00:00.0029660" startTime="2026-09-06T14:13:13.5654494-04:00" endTime="2026-09-06T14:13:13.5684145-04:00" testType="13cdc9d9-ddb5-4fa4-a97d-d965ccfc6d4b" outcome="Passed" testListId="8c84fa94-04c1-424b-9868-57a2d4851a1d" relativeResultsDirectory="2fcc444e-9c13-4553-bf6f-c3361c74c4cf" />
    <UnitTestResult executionId="eab3c403-7f60-4fde-b429-e8b275df8e56" testId="47b30b23-21a7-782b-b872-8a3650b0d828" testName="CurrencyMismatchAndUnknownWasteCannotHideInsidePricedLine" computerName="AREA51" duration="00:00:00.0019860" startTime="2026-09-06T14:13:13.4913910-04:00" endTime="2026-09-06T14:13:13.4933765-04:00" testType="13cdc9d9-ddb5-4fa4-a97d-d965ccfc6d4b" outcome="Passed" testListId="8c84fa94-04c1-424b-9868-57a2d4851a1d" relativeResultsDirectory="eab3c403-7f60-4fde-b429-e8b275df8e56" />
    <UnitTestResult executionId="0d4904aa-7681-4106-86a8-68e25051eeb7" testId="f8c192d2-d660-1dd2-c25a-5c6383f05a9d" testName="ALocalRowKeyCannotAccidentallyJoinAcrossSnapshots" computerName="AREA51" duration="00:00:00.0023609" startTime="2026-09-06T14:13:13.5771405-04:00" endTime="2026-09-06T14:13:13.5795015-04:00" testType="13cdc9d9-ddb5-4fa4-a97d-d965ccfc6d4b" outcome="Passed" testListId="8c84fa94-04c1-424b-9868-57a2d4851a1d" relativeResultsDirectory="0d4904aa-7681-4106-86a8-68e25051eeb7" />
    <UnitTestResult executionId="f6db47c2-0caf-4b3e-ad11-1ee2d62f57ac" testId="db54ba2a-6db8-262d-7810-1d3a36f461da" testName="PassRequiresCompleteRelevantEvidenceButConclusiveFailureDoesNot(NotApplicable)" computerName="AREA51" duration="00:00:00.0000130" startTime="2026-09-06T14:13:13.5017821-04:00" endTime="2026-09-06T14:13:13.5017954-04:00" testType="13cdc9d9-ddb5-4fa4-a97d-d965ccfc6d4b" outcome="Passed" testListId="8c84fa94-04c1-424b-9868-57a2d4851a1d" relativeResultsDirectory="f6db47c2-0caf-4b3e-ad11-1ee2d62f57ac" />
    <UnitTestResult executionId="bf7ce091-4b5a-4330-a859-fe371e0dc398" testId="2e88f5ec-3a59-562c-2715-d941e6f56c3e" testName="IncompleteOrTruncatedTraceCannotProvePhysicalDisconnection(Complete,True)" computerName="AREA51" duration="00:00:00.0000620" startTime="2026-09-06T14:13:13.4984606-04:00" endTime="2026-09-06T14:13:13.4985228-04:00" testType="13cdc9d9-ddb5-4fa4-a97d-d965ccfc6d4b" outcome="Passed" testListId="8c84fa94-04c1-424b-9868-57a2d4851a1d" relativeResultsDirectory="bf7ce091-4b5a-4330-a859-fe371e0dc398" />
    <UnitTestResult executionId="8f4f6665-514a-4ad0-8c1f-5e835a47dd14" testId="13c37573-8247-ba23-e8b8-2c3b52de6de9" testName="SpatialToleranceMustBeFiniteAndNonnegative(double.PositiveInfinity)" computerName="AREA51" duration="00:00:00.0000120" startTime="2026-09-06T14:13:13.5020956-04:00" endTime="2026-09-06T14:13:13.5021078-04:00" testType="13cdc9d9-ddb5-4fa4-a97d-d965ccfc6d4b" outcome="Passed" testListId="8c84fa94-04c1-424b-9868-57a2d4851a1d" relativeResultsDirectory="8f4f6665-514a-4ad0-8c1f-5e835a47dd14" />
    <UnitTestResult executionId="e2d9d4af-5e96-4cd7-a48d-44cfbf22aa31" testId="f86aef63-9eff-a06f-711f-90583b225578" testName="UnpricedLineCannotBeReportedAsAnExplicitZeroCost" computerName="AREA51" duration="00:00:00.0002350" startTime="2026-09-06T14:13:13.5055461-04:00" endTime="2026-09-06T14:13:13.5057806-04:00" testType="13cdc9d9-ddb5-4fa4-a97d-d965ccfc6d4b" outcome="Passed" testListId="8c84fa94-04c1-424b-9868-57a2d4851a1d" relativeResultsDirectory="e2d9d4af-5e96-4cd7-a48d-44cfbf22aa31" />
  </Results>
  <TestDefinitions>
    <UnitTest name="SpatialToleranceMustBeFiniteAndNonnegative(-0.001d)" storage="c:\users\cdigg\git\bim-open-toolkit\tests\ara3d.bimopenschema.buildingmodel.tests\bin\debug\net8.0\ara3d.bimopenschema.buildingmodel.tests.dll" id="b5e11c7e-de9f-29dd-d639-b0d0ecbe6418">
      <Execution id="23d20a32-b8cc-4264-8faa-d6be99746b01" />
      <TestMethod codeBase="C:\Users\cdigg\git\bim-open-toolkit\tests\Ara3D.BimOpenSchema.BuildingModel.Tests\bin\Debug\net8.0\Ara3D.BimOpenSchema.BuildingModel.Tests.dll" adapterTypeName="executor://nunit3testexecutor/" className="Ara3D.BimOpenSchema.BuildingModel.Tests.ConsistencyTests" name="SpatialToleranceMustBeFiniteAndNonnegative(-0.001d)" />
    </UnitTest>
    <UnitTest name="TwoRoomsShareOneWallWithoutMakingBoundaryAreaAFinishTakeoff" storage="c:\users\cdigg\git\bim-open-toolkit\tests\ara3d.bimopenschema.buildingmodel.tests\bin\debug\net8.0\ara3d.bimopenschema.buildingmodel.tests.dll" id="b0144b59-6810-da5b-e96b-178041a216eb">
      <Execution id="9e5bd33d-73cb-4a1a-906e-2c3905e946ba" />
      <TestMethod codeBase="C:\Users\cdigg\git\bim-open-toolkit\tests\Ara3D.BimOpenSchema.BuildingModel.Tests\bin\Debug\net8.0\Ara3D.BimOpenSchema.BuildingModel.Tests.dll" adapterTypeName="executor://nunit3testexecutor/" className="Ara3D.BimOpenSchema.BuildingModel.Tests.PlacesAndStructureTests" name="TwoRoomsShareOneWallWithoutMakingBoundaryAreaAFinishTakeoff" />
    </UnitTest>
    <UnitTest name="IncompleteOrTruncatedTraceCannotProvePhysicalDisconnection(NotObserved,False)" storage="c:\users\cdigg\git\bim-open-toolkit\tests\ara3d.bimopenschema.buildingmodel.tests\bin\debug\net8.0\ara3d.bimopenschema.buildingmodel.tests.dll" id="862ab0f6-5359-29b7-c2ef-81d78ef321c3">
      <Execution id="933a10da-9474-49a5-a29b-ac44f221f4df" />
      <TestMethod codeBase="C:\Users\cdigg\git\bim-open-toolkit\tests\Ara3D.BimOpenSchema.BuildingModel.Tests\bin\Debug\net8.0\Ara3D.BimOpenSchema.BuildingModel.Tests.dll" adapterTypeName="executor://nunit3testexecutor/" className="Ara3D.BimOpenSchema.BuildingModel.Tests.ConsistencyTests" name="IncompleteOrTruncatedTraceCannotProvePhysicalDisconnection(NotObserved,False)" />
    </UnitTest>
    <UnitTest name="EgressResultRetainsItsRequirementAndUnresolvedRoute" storage="c:\users\cdigg\git\bim-open-toolkit\tests\ara3d.bimopenschema.buildingmodel.tests\bin\debug\net8.0\ara3d.bimopenschema.buildingmodel.tests.dll" id="7b014bd4-b007-d79b-3054-33923063b4a9">
      <Execution id="917e6351-da16-4070-b321-8b70525b3c94" />
      <TestMethod codeBase="C:\Users\cdigg\git\bim-open-toolkit\tests\Ara3D.BimOpenSchema.BuildingModel.Tests\bin\Debug\net8.0\Ara3D.BimOpenSchema.BuildingModel.Tests.dll" adapterTypeName="executor://nunit3testexecutor/" className="Ara3D.BimOpenSchema.BuildingModel.Tests.ConsistencyTests" name="EgressResultRetainsItsRequirementAndUnresolvedRoute" />
    </UnitTest>
    <UnitTest name="SharedPenetrationKeepsServiceCountSeparateFromFirestopAssemblyCount" storage="c:\users\cdigg\git\bim-open-toolkit\tests\ara3d.bimopenschema.buildingmodel.tests\bin\debug\net8.0\ara3d.bimopenschema.buildingmodel.tests.dll" id="625674ca-07b3-0e54-3d89-8cb49aabb8f6">
      <Execution id="5a34f377-0447-469c-bf5f-fe671beb2e43" />
      <TestMethod codeBase="C:\Users\cdigg\git\bim-open-toolkit\tests\Ara3D.BimOpenSchema.BuildingModel.Tests\bin\Debug\net8.0\Ara3D.BimOpenSchema.BuildingModel.Tests.dll" adapterTypeName="executor://nunit3testexecutor/" className="Ara3D.BimOpenSchema.BuildingModel.Tests.ServicesTests" name="SharedPenetrationKeepsServiceCountSeparateFromFirestopAssemblyCount" />
    </UnitTest>
    <UnitTest name="PanelScheduleKeepsConnectedLoadDemandAndMissingCircuitsDistinct" storage="c:\users\cdigg\git\bim-open-toolkit\tests\ara3d.bimopenschema.buildingmodel.tests\bin\debug\net8.0\ara3d.bimopenschema.buildingmodel.tests.dll" id="8e7c777f-37a0-fc41-3200-6c6dc1cd0887">
      <Execution id="2fcc444e-9c13-4553-bf6f-c3361c74c4cf" />
      <TestMethod codeBase="C:\Users\cdigg\git\bim-open-toolkit\tests\Ara3D.BimOpenSchema.BuildingModel.Tests\bin\Debug\net8.0\Ara3D.BimOpenSchema.BuildingModel.Tests.dll" adapterTypeName="executor://nunit3testexecutor/" className="Ara3D.BimOpenSchema.BuildingModel.Tests.ServicesTests" name="PanelScheduleKeepsConnectedLoadDemandAndMissingCircuitsDistinct" />
    </UnitTest>
    <UnitTest name="ContradictoryCoverageAndNegativeCountsAreReportedWithoutThrowing" storage="c:\users\cdigg\git\bim-open-toolkit\tests\ara3d.bimopenschema.buildingmodel.tests\bin\debug\net8.0\ara3d.bimopenschema.buildingmodel.tests.dll" id="34f036ae-aa82-fbf1-9f21-655f54e93c31">
      <Execution id="d7ac2e67-06c9-42d3-bdc2-11c90b06ea8e" />
      <TestMethod codeBase="C:\Users\cdigg\git\bim-open-toolkit\tests\Ara3D.BimOpenSchema.BuildingModel.Tests\bin\Debug\net8.0\Ara3D.BimOpenSchema.BuildingModel.Tests.dll" adapterTypeName="executor://nunit3testexecutor/" className="Ara3D.BimOpenSchema.BuildingModel.Tests.ConsistencyTests" name="ContradictoryCoverageAndNegativeCountsAreReportedWithoutThrowing" />
    </UnitTest>
    <UnitTest name="MaintenanceHistoryJoinsToOnePhysicalPumpWithoutDuplicatingTheAsset" storage="c:\users\cdigg\git\bim-open-toolkit\tests\ara3d.bimopenschema.buildingmodel.tests\bin\debug\net8.0\ara3d.bimopenschema.buildingmodel.tests.dll" id="3c8a3447-2893-105a-a795-bd99c4ce9c8e">
      <Execution id="33d06b6e-9022-4e4f-be17-07137f0130ac" />
      <TestMethod codeBase="C:\Users\cdigg\git\bim-open-toolkit\tests\Ara3D.BimOpenSchema.BuildingModel.Tests\bin\Debug\net8.0\Ara3D.BimOpenSchema.BuildingModel.Tests.dll" adapterTypeName="executor://nunit3testexecutor/" className="Ara3D.BimOpenSchema.BuildingModel.Tests.MaterialsAndOperationsTests" name="MaintenanceHistoryJoinsToOnePhysicalPumpWithoutDuplicatingTheAsset" />
    </UnitTest>
    <UnitTest name="ARoomProgramCanBeQueriedBeforeGeometryAndRetainsUnmeasuredRooms" storage="c:\users\cdigg\git\bim-open-toolkit\tests\ara3d.bimopenschema.buildingmodel.tests\bin\debug\net8.0\ara3d.bimopenschema.buildingmodel.tests.dll" id="38dc32eb-3a50-e193-cdab-7a6c6776497e">
      <Execution id="51f6b83b-a570-426d-a8e5-221713b5a66d" />
      <TestMethod codeBase="C:\Users\cdigg\git\bim-open-toolkit\tests\Ara3D.BimOpenSchema.BuildingModel.Tests\bin\Debug\net8.0\Ara3D.BimOpenSchema.BuildingModel.Tests.dll" adapterTypeName="executor://nunit3testexecutor/" className="Ara3D.BimOpenSchema.BuildingModel.Tests.PlacesAndStructureTests" name="ARoomProgramCanBeQueriedBeforeGeometryAndRetainsUnmeasuredRooms" />
    </UnitTest>
    <UnitTest name="MissingEnergySamplesAreNotZeroAndSimulationOptionsRemainDistinct" storage="c:\users\cdigg\git\bim-open-toolkit\tests\ara3d.bimopenschema.buildingmodel.tests\bin\debug\net8.0\ara3d.bimopenschema.buildingmodel.tests.dll" id="e6cdfa65-7ed4-e0e7-29f7-3c7b73a00f21">
      <Execution id="f0093ebd-b773-4b88-8999-91da1d91e043" />
      <TestMethod codeBase="C:\Users\cdigg\git\bim-open-toolkit\tests\Ara3D.BimOpenSchema.BuildingModel.Tests\bin\Debug\net8.0\Ara3D.BimOpenSchema.BuildingModel.Tests.dll" adapterTypeName="executor://nunit3testexecutor/" className="Ara3D.BimOpenSchema.BuildingModel.Tests.MaterialsAndOperationsTests" name="MissingEnergySamplesAreNotZeroAndSimulationOptionsRemainDistinct" />
    </UnitTest>
    <UnitTest name="TraceMembersCannotReferToAConnectionFromAnotherIssue" storage="c:\users\cdigg\git\bim-open-toolkit\tests\ara3d.bimopenschema.buildingmodel.tests\bin\debug\net8.0\ara3d.bimopenschema.buildingmodel.tests.dll" id="78034db0-740d-5b4e-d56b-45539a8a17e7">
      <Execution id="97bb6815-df90-406a-8dcb-2e26eb8af93e" />
      <TestMethod codeBase="C:\Users\cdigg\git\bim-open-toolkit\tests\Ara3D.BimOpenSchema.BuildingModel.Tests\bin\Debug\net8.0\Ara3D.BimOpenSchema.BuildingModel.Tests.dll" adapterTypeName="executor://nunit3testexecutor/" className="Ara3D.BimOpenSchema.BuildingModel.Tests.ConsistencyTests" name="TraceMembersCannotReferToAConnectionFromAnotherIssue" />
    </UnitTest>
    <UnitTest name="PassRequiresCompleteRelevantEvidenceButConclusiveFailureDoesNot(NotApplicable)" storage="c:\users\cdigg\git\bim-open-toolkit\tests\ara3d.bimopenschema.buildingmodel.tests\bin\debug\net8.0\ara3d.bimopenschema.buildingmodel.tests.dll" id="db54ba2a-6db8-262d-7810-1d3a36f461da">
      <Execution id="f6db47c2-0caf-4b3e-ad11-1ee2d62f57ac" />
      <TestMethod codeBase="C:\Users\cdigg\git\bim-open-toolkit\tests\Ara3D.BimOpenSchema.BuildingModel.Tests\bin\Debug\net8.0\Ara3D.BimOpenSchema.BuildingModel.Tests.dll" adapterTypeName="executor://nunit3testexecutor/" className="Ara3D.BimOpenSchema.BuildingModel.Tests.ConsistencyTests" name="PassRequiresCompleteRelevantEvidenceButConclusiveFailureDoesNot(NotApplicable)" />
    </UnitTest>
    <UnitTest name="PassRequiresCompleteRelevantEvidenceButConclusiveFailureDoesNot(NotObserved)" storage="c:\users\cdigg\git\bim-open-toolkit\tests\ara3d.bimopenschema.buildingmodel.tests\bin\debug\net8.0\ara3d.bimopenschema.buildingmodel.tests.dll" id="4c90617f-ad52-d656-808f-02ca6df4e505">
      <Execution id="c097006a-18d8-4141-aa87-b77f76d6ece5" />
      <TestMethod codeBase="C:\Users\cdigg\git\bim-open-toolkit\tests\Ara3D.BimOpenSchema.BuildingModel.Tests\bin\Debug\net8.0\Ara3D.BimOpenSchema.BuildingModel.Tests.dll" adapterTypeName="executor://nunit3testexecutor/" className="Ara3D.BimOpenSchema.BuildingModel.Tests.ConsistencyTests" name="PassRequiresCompleteRelevantEvidenceButConclusiveFailureDoesNot(NotObserved)" />
    </UnitTest>
    <UnitTest name="NominalPipeLabelsGroupPurchasesWithoutReplacingPhysicalDiameters" storage="c:\users\cdigg\git\bim-open-toolkit\tests\ara3d.bimopenschema.buildingmodel.tests\bin\debug\net8.0\ara3d.bimopenschema.buildingmodel.tests.dll" id="c5751f41-d0a1-213d-4888-526b58f2c6c7">
      <Execution id="6b326035-c30d-4adb-b818-dc5a00c1f159" />
      <TestMethod codeBase="C:\Users\cdigg\git\bim-open-toolkit\tests\Ara3D.BimOpenSchema.BuildingModel.Tests\bin\Debug\net8.0\Ara3D.BimOpenSchema.BuildingModel.Tests.dll" adapterTypeName="executor://nunit3testexecutor/" className="Ara3D.BimOpenSchema.BuildingModel.Tests.ServicesTests" name="NominalPipeLabelsGroupPurchasesWithoutReplacingPhysicalDiameters" />
    </UnitTest>
    <UnitTest name="EveryWorkflowCandidateHasAnIndexEntryPointingToActualCompiledTypes" storage="c:\users\cdigg\git\bim-open-toolkit\tests\ara3d.bimopenschema.buildingmodel.tests\bin\debug\net8.0\ara3d.bimopenschema.buildingmodel.tests.dll" id="c906db61-cc65-1c1e-82b0-4828926a1398">
      <Execution id="79449e4c-4262-4979-97d2-9ebe63d66c24" />
      <TestMethod codeBase="C:\Users\cdigg\git\bim-open-toolkit\tests\Ara3D.BimOpenSchema.BuildingModel.Tests\bin\Debug\net8.0\Ara3D.BimOpenSchema.BuildingModel.Tests.dll" adapterTypeName="executor://nunit3testexecutor/" className="Ara3D.BimOpenSchema.BuildingModel.Tests.CatalogTests" name="EveryWorkflowCandidateHasAnIndexEntryPointingToActualCompiledTypes" />
    </UnitTest>
    <UnitTest name="TraversalCanSelectDeclaredConnectionsWithoutPromotingInferredOnes" storage="c:\users\cdigg\git\bim-open-toolkit\tests\ara3d.bimopenschema.buildingmodel.tests\bin\debug\net8.0\ara3d.bimopenschema.buildingmodel.tests.dll" id="8f14c8a1-8e66-43e8-6468-7898f35595b2">
      <Execution id="d06c33e9-8fef-4fd1-b28d-7aebe2a6896b" />
      <TestMethod codeBase="C:\Users\cdigg\git\bim-open-toolkit\tests\Ara3D.BimOpenSchema.BuildingModel.Tests\bin\Debug\net8.0\Ara3D.BimOpenSchema.BuildingModel.Tests.dll" adapterTypeName="executor://nunit3testexecutor/" className="Ara3D.BimOpenSchema.BuildingModel.Tests.ConsistencyTests" name="TraversalCanSelectDeclaredConnectionsWithoutPromotingInferredOnes" />
    </UnitTest>
    <UnitTest name="BeamAndColumnSchedulesUseCutLengthsAndReportUnclassifiedMembers" storage="c:\users\cdigg\git\bim-open-toolkit\tests\ara3d.bimopenschema.buildingmodel.tests\bin\debug\net8.0\ara3d.bimopenschema.buildingmodel.tests.dll" id="67236843-5830-8857-44d9-0857b5b448e0">
      <Execution id="dc20e432-dd12-46e9-80fb-99575766c442" />
      <TestMethod codeBase="C:\Users\cdigg\git\bim-open-toolkit\tests\Ara3D.BimOpenSchema.BuildingModel.Tests\bin\Debug\net8.0\Ara3D.BimOpenSchema.BuildingModel.Tests.dll" adapterTypeName="executor://nunit3testexecutor/" className="Ara3D.BimOpenSchema.BuildingModel.Tests.PlacesAndStructureTests" name="BeamAndColumnSchedulesUseCutLengthsAndReportUnclassifiedMembers" />
    </UnitTest>
    <UnitTest name="MaterialTakeoffSelectsDisjointLeavesAndTheirSelectedObservations" storage="c:\users\cdigg\git\bim-open-toolkit\tests\ara3d.bimopenschema.buildingmodel.tests\bin\debug\net8.0\ara3d.bimopenschema.buildingmodel.tests.dll" id="dd357077-5e2c-6ff0-af15-e2e07d9511f2">
      <Execution id="61e61f63-3fdf-489a-816e-a07fb699421a" />
      <TestMethod codeBase="C:\Users\cdigg\git\bim-open-toolkit\tests\Ara3D.BimOpenSchema.BuildingModel.Tests\bin\Debug\net8.0\Ara3D.BimOpenSchema.BuildingModel.Tests.dll" adapterTypeName="executor://nunit3testexecutor/" className="Ara3D.BimOpenSchema.BuildingModel.Tests.MaterialsAndOperationsTests" name="MaterialTakeoffSelectsDisjointLeavesAndTheirSelectedObservations" />
    </UnitTest>
    <UnitTest name="IncompleteOrTruncatedTraceCannotProvePhysicalDisconnection(Partial,False)" storage="c:\users\cdigg\git\bim-open-toolkit\tests\ara3d.bimopenschema.buildingmodel.tests\bin\debug\net8.0\ara3d.bimopenschema.buildingmodel.tests.dll" id="6343149a-0963-ad40-1902-ea77843e6831">
      <Execution id="eb91e0be-9224-49e3-a15e-c48b1f93ded3" />
      <TestMethod codeBase="C:\Users\cdigg\git\bim-open-toolkit\tests\Ara3D.BimOpenSchema.BuildingModel.Tests\bin\Debug\net8.0\Ara3D.BimOpenSchema.BuildingModel.Tests.dll" adapterTypeName="executor://nunit3testexecutor/" className="Ara3D.BimOpenSchema.BuildingModel.Tests.ConsistencyTests" name="IncompleteOrTruncatedTraceCannotProvePhysicalDisconnection(Partial,False)" />
    </UnitTest>
    <UnitTest name="SpatialToleranceMustBeFiniteAndNonnegative(double.NaN)" storage="c:\users\cdigg\git\bim-open-toolkit\tests\ara3d.bimopenschema.buildingmodel.tests\bin\debug\net8.0\ara3d.bimopenschema.buildingmodel.tests.dll" id="191cd7cc-ce8d-0178-19f2-ad6b9f5071a5">
      <Execution id="c9335795-09d1-4014-97aa-11495f6143eb" />
      <TestMethod codeBase="C:\Users\cdigg\git\bim-open-toolkit\tests\Ara3D.BimOpenSchema.BuildingModel.Tests\bin\Debug\net8.0\Ara3D.BimOpenSchema.BuildingModel.Tests.dll" adapterTypeName="executor://nunit3testexecutor/" className="Ara3D.BimOpenSchema.BuildingModel.Tests.ConsistencyTests" name="SpatialToleranceMustBeFiniteAndNonnegative(double.NaN)" />
    </UnitTest>
    <UnitTest name="UnpricedLineCannotBeReportedAsAnExplicitZeroCost" storage="c:\users\cdigg\git\bim-open-toolkit\tests\ara3d.bimopenschema.buildingmodel.tests\bin\debug\net8.0\ara3d.bimopenschema.buildingmodel.tests.dll" id="f86aef63-9eff-a06f-711f-90583b225578">
      <Execution id="e2d9d4af-5e96-4cd7-a48d-44cfbf22aa31" />
      <TestMethod codeBase="C:\Users\cdigg\git\bim-open-toolkit\tests\Ara3D.BimOpenSchema.BuildingModel.Tests\bin\Debug\net8.0\Ara3D.BimOpenSchema.BuildingModel.Tests.dll" adapterTypeName="executor://nunit3testexecutor/" className="Ara3D.BimOpenSchema.BuildingModel.Tests.ConsistencyTests" name="UnpricedLineCannotBeReportedAsAnExplicitZeroCost" />
    </UnitTest>
    <UnitTest name="ZeroFalseInapplicableAndUnobservedAreDifferentAnswers" storage="c:\users\cdigg\git\bim-open-toolkit\tests\ara3d.bimopenschema.buildingmodel.tests\bin\debug\net8.0\ara3d.bimopenschema.buildingmodel.tests.dll" id="a79f3cbe-e49f-47b9-1ed4-45f8d2f4ff19">
      <Execution id="807c2b42-b64c-461a-99c7-386ed77ce368" />
      <TestMethod codeBase="C:\Users\cdigg\git\bim-open-toolkit\tests\Ara3D.BimOpenSchema.BuildingModel.Tests\bin\Debug\net8.0\Ara3D.BimOpenSchema.BuildingModel.Tests.dll" adapterTypeName="executor://nunit3testexecutor/" className="Ara3D.BimOpenSchema.BuildingModel.Tests.WorkflowTests" name="ZeroFalseInapplicableAndUnobservedAreDifferentAnswers" />
    </UnitTest>
    <UnitTest name="AcceptedDeliveryIsNotAnInstallationObservation" storage="c:\users\cdigg\git\bim-open-toolkit\tests\ara3d.bimopenschema.buildingmodel.tests\bin\debug\net8.0\ara3d.bimopenschema.buildingmodel.tests.dll" id="1b395683-3c57-329e-33f5-b257987ff62c">
      <Execution id="aeb1edcc-57a7-4e6c-895e-76adb8d438a6" />
      <TestMethod codeBase="C:\Users\cdigg\git\bim-open-toolkit\tests\Ara3D.BimOpenSchema.BuildingModel.Tests\bin\Debug\net8.0\Ara3D.BimOpenSchema.BuildingModel.Tests.dll" adapterTypeName="executor://nunit3testexecutor/" className="Ara3D.BimOpenSchema.BuildingModel.Tests.WorkflowTests" name="AcceptedDeliveryIsNotAnInstallationObservation" />
    </UnitTest>
    <UnitTest name="BoundingBoxOverlapDoesNotEstablishEvenZeroSolidOverlap" storage="c:\users\cdigg\git\bim-open-toolkit\tests\ara3d.bimopenschema.buildingmodel.tests\bin\debug\net8.0\ara3d.bimopenschema.buildingmodel.tests.dll" id="029c8dc6-4c76-b497-67fd-7f9608873c5e">
      <Execution id="7632f069-d3d2-4334-945f-f657083ae0ab" />
      <TestMethod codeBase="C:\Users\cdigg\git\bim-open-toolkit\tests\Ara3D.BimOpenSchema.BuildingModel.Tests\bin\Debug\net8.0\Ara3D.BimOpenSchema.BuildingModel.Tests.dll" adapterTypeName="executor://nunit3testexecutor/" className="Ara3D.BimOpenSchema.BuildingModel.Tests.ConsistencyTests" name="BoundingBoxOverlapDoesNotEstablishEvenZeroSolidOverlap" />
    </UnitTest>
    <UnitTest name="OppositeWallFacesAndUnassignedFinishesRemainSeparateScopes" storage="c:\users\cdigg\git\bim-open-toolkit\tests\ara3d.bimopenschema.buildingmodel.tests\bin\debug\net8.0\ara3d.bimopenschema.buildingmodel.tests.dll" id="5c3dee81-586a-2848-a826-3cddb59f3572">
      <Execution id="1158a39d-e2b9-4b42-b1f3-44e1bf47d3f0" />
      <TestMethod codeBase="C:\Users\cdigg\git\bim-open-toolkit\tests\Ara3D.BimOpenSchema.BuildingModel.Tests\bin\Debug\net8.0\Ara3D.BimOpenSchema.BuildingModel.Tests.dll" adapterTypeName="executor://nunit3testexecutor/" className="Ara3D.BimOpenSchema.BuildingModel.Tests.WorkflowTests" name="OppositeWallFacesAndUnassignedFinishesRemainSeparateScopes" />
    </UnitTest>
    <UnitTest name="SpatialToleranceMustBeFiniteAndNonnegative(double.PositiveInfinity)" storage="c:\users\cdigg\git\bim-open-toolkit\tests\ara3d.bimopenschema.buildingmodel.tests\bin\debug\net8.0\ara3d.bimopenschema.buildingmodel.tests.dll" id="13c37573-8247-ba23-e8b8-2c3b52de6de9">
      <Execution id="8f4f6665-514a-4ad0-8c1f-5e835a47dd14" />
      <TestMethod codeBase="C:\Users\cdigg\git\bim-open-toolkit\tests\Ara3D.BimOpenSchema.BuildingModel.Tests\bin\Debug\net8.0\Ara3D.BimOpenSchema.BuildingModel.Tests.dll" adapterTypeName="executor://nunit3testexecutor/" className="Ara3D.BimOpenSchema.BuildingModel.Tests.ConsistencyTests" name="SpatialToleranceMustBeFiniteAndNonnegative(double.PositiveInfinity)" />
    </UnitTest>
    <UnitTest name="RoofingUsesSurfaceAreaAndReportsTheUnmeasuredScope" storage="c:\users\cdigg\git\bim-open-toolkit\tests\ara3d.bimopenschema.buildingmodel.tests\bin\debug\net8.0\ara3d.bimopenschema.buildingmodel.tests.dll" id="e5a0e766-2cd1-a494-ae68-17dc80c885d3">
      <Execution id="fd91cb29-2c42-44c4-b792-babfd105cf19" />
      <TestMethod codeBase="C:\Users\cdigg\git\bim-open-toolkit\tests\Ara3D.BimOpenSchema.BuildingModel.Tests\bin\Debug\net8.0\Ara3D.BimOpenSchema.BuildingModel.Tests.dll" adapterTypeName="executor://nunit3testexecutor/" className="Ara3D.BimOpenSchema.BuildingModel.Tests.WorkflowTests" name="RoofingUsesSurfaceAreaAndReportsTheUnmeasuredScope" />
    </UnitTest>
    <UnitTest name="CarbonCalculationRetainsFactorUnitModuleAndMissingFactorCoverage" storage="c:\users\cdigg\git\bim-open-toolkit\tests\ara3d.bimopenschema.buildingmodel.tests\bin\debug\net8.0\ara3d.bimopenschema.buildingmodel.tests.dll" id="34e68301-ff73-a34b-4b5e-f16207e50673">
      <Execution id="2fc6af3d-6990-48fc-beb5-0b1ae7a8e393" />
      <TestMethod codeBase="C:\Users\cdigg\git\bim-open-toolkit\tests\Ara3D.BimOpenSchema.BuildingModel.Tests\bin\Debug\net8.0\Ara3D.BimOpenSchema.BuildingModel.Tests.dll" adapterTypeName="executor://nunit3testexecutor/" className="Ara3D.BimOpenSchema.BuildingModel.Tests.MaterialsAndOperationsTests" name="CarbonCalculationRetainsFactorUnitModuleAndMissingFactorCoverage" />
    </UnitTest>
    <UnitTest name="SharedSupportIsPurchasedOnceAlthoughItSupportsTwoTrades" storage="c:\users\cdigg\git\bim-open-toolkit\tests\ara3d.bimopenschema.buildingmodel.tests\bin\debug\net8.0\ara3d.bimopenschema.buildingmodel.tests.dll" id="aec97658-a7a6-408b-9394-319544a09631">
      <Execution id="7d522c27-ee19-474d-b7a5-5e410d461353" />
      <TestMethod codeBase="C:\Users\cdigg\git\bim-open-toolkit\tests\Ara3D.BimOpenSchema.BuildingModel.Tests\bin\Debug\net8.0\Ara3D.BimOpenSchema.BuildingModel.Tests.dll" adapterTypeName="executor://nunit3testexecutor/" className="Ara3D.BimOpenSchema.BuildingModel.Tests.ServicesTests" name="SharedSupportIsPurchasedOnceAlthoughItSupportsTwoTrades" />
    </UnitTest>
    <UnitTest name="DuctFlowAreaAndInsulatedEnvelopeUseDifferentDimensions" storage="c:\users\cdigg\git\bim-open-toolkit\tests\ara3d.bimopenschema.buildingmodel.tests\bin\debug\net8.0\ara3d.bimopenschema.buildingmodel.tests.dll" id="0bb7ebb1-403b-557c-7100-fb3eb06cd235">
      <Execution id="69c64dd7-0313-490b-99d3-a1eaf75e6ff1" />
      <TestMethod codeBase="C:\Users\cdigg\git\bim-open-toolkit\tests\Ara3D.BimOpenSchema.BuildingModel.Tests\bin\Debug\net8.0\Ara3D.BimOpenSchema.BuildingModel.Tests.dll" adapterTypeName="executor://nunit3testexecutor/" className="Ara3D.BimOpenSchema.BuildingModel.Tests.ServicesTests" name="DuctFlowAreaAndInsulatedEnvelopeUseDifferentDimensions" />
    </UnitTest>
    <UnitTest name="ToiletFlushDetailsEnrichOneFixtureAndUnobservedPortsRemainUnknown" storage="c:\users\cdigg\git\bim-open-toolkit\tests\ara3d.bimopenschema.buildingmodel.tests\bin\debug\net8.0\ara3d.bimopenschema.buildingmodel.tests.dll" id="ea8bb01d-fb50-5380-769e-835f626fed70">
      <Execution id="49146fb5-7bd9-4f4d-8417-b65bad47eb8e" />
      <TestMethod codeBase="C:\Users\cdigg\git\bim-open-toolkit\tests\Ara3D.BimOpenSchema.BuildingModel.Tests\bin\Debug\net8.0\Ara3D.BimOpenSchema.BuildingModel.Tests.dll" adapterTypeName="executor://nunit3testexecutor/" className="Ara3D.BimOpenSchema.BuildingModel.Tests.ServicesTests" name="ToiletFlushDetailsEnrichOneFixtureAndUnobservedPortsRemainUnknown" />
    </UnitTest>
    <UnitTest name="IncompleteOrTruncatedTraceCannotProvePhysicalDisconnection(Complete,True)" storage="c:\users\cdigg\git\bim-open-toolkit\tests\ara3d.bimopenschema.buildingmodel.tests\bin\debug\net8.0\ara3d.bimopenschema.buildingmodel.tests.dll" id="2e88f5ec-3a59-562c-2715-d941e6f56c3e">
      <Execution id="bf7ce091-4b5a-4330-a859-fe371e0dc398" />
      <TestMethod codeBase="C:\Users\cdigg\git\bim-open-toolkit\tests\Ara3D.BimOpenSchema.BuildingModel.Tests\bin\Debug\net8.0\Ara3D.BimOpenSchema.BuildingModel.Tests.dll" adapterTypeName="executor://nunit3testexecutor/" className="Ara3D.BimOpenSchema.BuildingModel.Tests.ConsistencyTests" name="IncompleteOrTruncatedTraceCannotProvePhysicalDisconnection(Complete,True)" />
    </UnitTest>
    <UnitTest name="PassRequiresCompleteRelevantEvidenceButConclusiveFailureDoesNot(Partial)" storage="c:\users\cdigg\git\bim-open-toolkit\tests\ara3d.bimopenschema.buildingmodel.tests\bin\debug\net8.0\ara3d.bimopenschema.buildingmodel.tests.dll" id="6ec0ea2a-9697-e223-ec33-708f7cdf9e9c">
      <Execution id="49e8b51e-9356-4ab0-b81f-217b1eaa6092" />
      <TestMethod codeBase="C:\Users\cdigg\git\bim-open-toolkit\tests\Ara3D.BimOpenSchema.BuildingModel.Tests\bin\Debug\net8.0\Ara3D.BimOpenSchema.BuildingModel.Tests.dll" adapterTypeName="executor://nunit3testexecutor/" className="Ara3D.BimOpenSchema.BuildingModel.Tests.ConsistencyTests" name="PassRequiresCompleteRelevantEvidenceButConclusiveFailureDoesNot(Partial)" />
    </UnitTest>
    <UnitTest name="TableIdentitiesAndForeignKeysReferToTheirDeclaredRowTypes" storage="c:\users\cdigg\git\bim-open-toolkit\tests\ara3d.bimopenschema.buildingmodel.tests\bin\debug\net8.0\ara3d.bimopenschema.buildingmodel.tests.dll" id="7b32566a-f334-755d-8f91-85b98f56fd88">
      <Execution id="176da6c6-593b-4e84-ac07-d6e02137dfe0" />
      <TestMethod codeBase="C:\Users\cdigg\git\bim-open-toolkit\tests\Ara3D.BimOpenSchema.BuildingModel.Tests\bin\Debug\net8.0\Ara3D.BimOpenSchema.BuildingModel.Tests.dll" adapterTypeName="executor://nunit3testexecutor/" className="Ara3D.BimOpenSchema.BuildingModel.Tests.CatalogTests" name="TableIdentitiesAndForeignKeysReferToTheirDeclaredRowTypes" />
    </UnitTest>
    <UnitTest name="ServingTwoLevelsDoesNotSupplyAnEgressAuthorization" storage="c:\users\cdigg\git\bim-open-toolkit\tests\ara3d.bimopenschema.buildingmodel.tests\bin\debug\net8.0\ara3d.bimopenschema.buildingmodel.tests.dll" id="73a90a64-8617-cb7b-0c12-c11fef0e3d7d">
      <Execution id="036ddedd-564f-4d89-8001-6ad49bbc61b3" />
      <TestMethod codeBase="C:\Users\cdigg\git\bim-open-toolkit\tests\Ara3D.BimOpenSchema.BuildingModel.Tests\bin\Debug\net8.0\Ara3D.BimOpenSchema.BuildingModel.Tests.dll" adapterTypeName="executor://nunit3testexecutor/" className="Ara3D.BimOpenSchema.BuildingModel.Tests.PlacesAndStructureTests" name="ServingTwoLevelsDoesNotSupplyAnEgressAuthorization" />
    </UnitTest>
    <UnitTest name="DefaultStatesCannotAccidentallyAssertApprovalOrCompleteCoverage" storage="c:\users\cdigg\git\bim-open-toolkit\tests\ara3d.bimopenschema.buildingmodel.tests\bin\debug\net8.0\ara3d.bimopenschema.buildingmodel.tests.dll" id="671d2317-32b3-e2c5-615f-acbf615f7d8c">
      <Execution id="b44d33f8-bfda-488b-a36d-6d322c4add05" />
      <TestMethod codeBase="C:\Users\cdigg\git\bim-open-toolkit\tests\Ara3D.BimOpenSchema.BuildingModel.Tests\bin\Debug\net8.0\Ara3D.BimOpenSchema.BuildingModel.Tests.dll" adapterTypeName="executor://nunit3testexecutor/" className="Ara3D.BimOpenSchema.BuildingModel.Tests.ConsistencyTests" name="DefaultStatesCannotAccidentallyAssertApprovalOrCompleteCoverage" />
    </UnitTest>
    <UnitTest name="CurrencyMismatchAndUnknownWasteCannotHideInsidePricedLine" storage="c:\users\cdigg\git\bim-open-toolkit\tests\ara3d.bimopenschema.buildingmodel.tests\bin\debug\net8.0\ara3d.bimopenschema.buildingmodel.tests.dll" id="47b30b23-21a7-782b-b872-8a3650b0d828">
      <Execution id="eab3c403-7f60-4fde-b429-e8b275df8e56" />
      <TestMethod codeBase="C:\Users\cdigg\git\bim-open-toolkit\tests\Ara3D.BimOpenSchema.BuildingModel.Tests\bin\Debug\net8.0\Ara3D.BimOpenSchema.BuildingModel.Tests.dll" adapterTypeName="executor://nunit3testexecutor/" className="Ara3D.BimOpenSchema.BuildingModel.Tests.ConsistencyTests" name="CurrencyMismatchAndUnknownWasteCannotHideInsidePricedLine" />
    </UnitTest>
    <UnitTest name="ALocalRowKeyCannotAccidentallyJoinAcrossSnapshots" storage="c:\users\cdigg\git\bim-open-toolkit\tests\ara3d.bimopenschema.buildingmodel.tests\bin\debug\net8.0\ara3d.bimopenschema.buildingmodel.tests.dll" id="f8c192d2-d660-1dd2-c25a-5c6383f05a9d">
      <Execution id="0d4904aa-7681-4106-86a8-68e25051eeb7" />
      <TestMethod codeBase="C:\Users\cdigg\git\bim-open-toolkit\tests\Ara3D.BimOpenSchema.BuildingModel.Tests\bin\Debug\net8.0\Ara3D.BimOpenSchema.BuildingModel.Tests.dll" adapterTypeName="executor://nunit3testexecutor/" className="Ara3D.BimOpenSchema.BuildingModel.Tests.WorkflowTests" name="ALocalRowKeyCannotAccidentallyJoinAcrossSnapshots" />
    </UnitTest>
    <UnitTest name="CutAndFillAreSeparateSubtotalsAndUnknownFillRemainsAnException" storage="c:\users\cdigg\git\bim-open-toolkit\tests\ara3d.bimopenschema.buildingmodel.tests\bin\debug\net8.0\ara3d.bimopenschema.buildingmodel.tests.dll" id="540ff59c-e478-3bf7-24e5-ca67cd376eba">
      <Execution id="a3fc69cc-579c-4669-a5e2-565f832db960" />
      <TestMethod codeBase="C:\Users\cdigg\git\bim-open-toolkit\tests\Ara3D.BimOpenSchema.BuildingModel.Tests\bin\Debug\net8.0\Ara3D.BimOpenSchema.BuildingModel.Tests.dll" adapterTypeName="executor://nunit3testexecutor/" className="Ara3D.BimOpenSchema.BuildingModel.Tests.PlacesAndStructureTests" name="CutAndFillAreSeparateSubtotalsAndUnknownFillRemainsAnException" />
    </UnitTest>
    <UnitTest name="KnownSubtotalCanSurviveAnUnpricedScopeButCompleteTotalCannot" storage="c:\users\cdigg\git\bim-open-toolkit\tests\ara3d.bimopenschema.buildingmodel.tests\bin\debug\net8.0\ara3d.bimopenschema.buildingmodel.tests.dll" id="edb996cd-541e-3eab-485c-34dde8270be0">
      <Execution id="c82019a8-5381-40bb-8336-91317ced8a5d" />
      <TestMethod codeBase="C:\Users\cdigg\git\bim-open-toolkit\tests\Ara3D.BimOpenSchema.BuildingModel.Tests\bin\Debug\net8.0\Ara3D.BimOpenSchema.BuildingModel.Tests.dll" adapterTypeName="executor://nunit3testexecutor/" className="Ara3D.BimOpenSchema.BuildingModel.Tests.ConsistencyTests" name="KnownSubtotalCanSurviveAnUnpricedScopeButCompleteTotalCannot" />
    </UnitTest>
  </TestDefinitions>
  <TestEntries>
    <TestEntry testId="029c8dc6-4c76-b497-67fd-7f9608873c5e" executionId="7632f069-d3d2-4334-945f-f657083ae0ab" testListId="8c84fa94-04c1-424b-9868-57a2d4851a1d" />
    <TestEntry testId="38dc32eb-3a50-e193-cdab-7a6c6776497e" executionId="51f6b83b-a570-426d-a8e5-221713b5a66d" testListId="8c84fa94-04c1-424b-9868-57a2d4851a1d" />
    <TestEntry testId="e6cdfa65-7ed4-e0e7-29f7-3c7b73a00f21" executionId="f0093ebd-b773-4b88-8999-91da1d91e043" testListId="8c84fa94-04c1-424b-9868-57a2d4851a1d" />
    <TestEntry testId="5c3dee81-586a-2848-a826-3cddb59f3572" executionId="1158a39d-e2b9-4b42-b1f3-44e1bf47d3f0" testListId="8c84fa94-04c1-424b-9868-57a2d4851a1d" />
    <TestEntry testId="625674ca-07b3-0e54-3d89-8cb49aabb8f6" executionId="5a34f377-0447-469c-bf5f-fe671beb2e43" testListId="8c84fa94-04c1-424b-9868-57a2d4851a1d" />
    <TestEntry testId="7b32566a-f334-755d-8f91-85b98f56fd88" executionId="176da6c6-593b-4e84-ac07-d6e02137dfe0" testListId="8c84fa94-04c1-424b-9868-57a2d4851a1d" />
    <TestEntry testId="c906db61-cc65-1c1e-82b0-4828926a1398" executionId="79449e4c-4262-4979-97d2-9ebe63d66c24" testListId="8c84fa94-04c1-424b-9868-57a2d4851a1d" />
    <TestEntry testId="78034db0-740d-5b4e-d56b-45539a8a17e7" executionId="97bb6815-df90-406a-8dcb-2e26eb8af93e" testListId="8c84fa94-04c1-424b-9868-57a2d4851a1d" />
    <TestEntry testId="34f036ae-aa82-fbf1-9f21-655f54e93c31" executionId="d7ac2e67-06c9-42d3-bdc2-11c90b06ea8e" testListId="8c84fa94-04c1-424b-9868-57a2d4851a1d" />
    <TestEntry testId="b5e11c7e-de9f-29dd-d639-b0d0ecbe6418" executionId="23d20a32-b8cc-4264-8faa-d6be99746b01" testListId="8c84fa94-04c1-424b-9868-57a2d4851a1d" />
    <TestEntry testId="4c90617f-ad52-d656-808f-02ca6df4e505" executionId="c097006a-18d8-4141-aa87-b77f76d6ece5" testListId="8c84fa94-04c1-424b-9868-57a2d4851a1d" />
    <TestEntry testId="6343149a-0963-ad40-1902-ea77843e6831" executionId="eb91e0be-9224-49e3-a15e-c48b1f93ded3" testListId="8c84fa94-04c1-424b-9868-57a2d4851a1d" />
    <TestEntry testId="671d2317-32b3-e2c5-615f-acbf615f7d8c" executionId="b44d33f8-bfda-488b-a36d-6d322c4add05" testListId="8c84fa94-04c1-424b-9868-57a2d4851a1d" />
    <TestEntry testId="b0144b59-6810-da5b-e96b-178041a216eb" executionId="9e5bd33d-73cb-4a1a-906e-2c3905e946ba" testListId="8c84fa94-04c1-424b-9868-57a2d4851a1d" />
    <TestEntry testId="34e68301-ff73-a34b-4b5e-f16207e50673" executionId="2fc6af3d-6990-48fc-beb5-0b1ae7a8e393" testListId="8c84fa94-04c1-424b-9868-57a2d4851a1d" />
    <TestEntry testId="8f14c8a1-8e66-43e8-6468-7898f35595b2" executionId="d06c33e9-8fef-4fd1-b28d-7aebe2a6896b" testListId="8c84fa94-04c1-424b-9868-57a2d4851a1d" />
    <TestEntry testId="7b014bd4-b007-d79b-3054-33923063b4a9" executionId="917e6351-da16-4070-b321-8b70525b3c94" testListId="8c84fa94-04c1-424b-9868-57a2d4851a1d" />
    <TestEntry testId="dd357077-5e2c-6ff0-af15-e2e07d9511f2" executionId="61e61f63-3fdf-489a-816e-a07fb699421a" testListId="8c84fa94-04c1-424b-9868-57a2d4851a1d" />
    <TestEntry testId="73a90a64-8617-cb7b-0c12-c11fef0e3d7d" executionId="036ddedd-564f-4d89-8001-6ad49bbc61b3" testListId="8c84fa94-04c1-424b-9868-57a2d4851a1d" />
    <TestEntry testId="e5a0e766-2cd1-a494-ae68-17dc80c885d3" executionId="fd91cb29-2c42-44c4-b792-babfd105cf19" testListId="8c84fa94-04c1-424b-9868-57a2d4851a1d" />
    <TestEntry testId="1b395683-3c57-329e-33f5-b257987ff62c" executionId="aeb1edcc-57a7-4e6c-895e-76adb8d438a6" testListId="8c84fa94-04c1-424b-9868-57a2d4851a1d" />
    <TestEntry testId="c5751f41-d0a1-213d-4888-526b58f2c6c7" executionId="6b326035-c30d-4adb-b818-dc5a00c1f159" testListId="8c84fa94-04c1-424b-9868-57a2d4851a1d" />
    <TestEntry testId="191cd7cc-ce8d-0178-19f2-ad6b9f5071a5" executionId="c9335795-09d1-4014-97aa-11495f6143eb" testListId="8c84fa94-04c1-424b-9868-57a2d4851a1d" />
    <TestEntry testId="3c8a3447-2893-105a-a795-bd99c4ce9c8e" executionId="33d06b6e-9022-4e4f-be17-07137f0130ac" testListId="8c84fa94-04c1-424b-9868-57a2d4851a1d" />
    <TestEntry testId="a79f3cbe-e49f-47b9-1ed4-45f8d2f4ff19" executionId="807c2b42-b64c-461a-99c7-386ed77ce368" testListId="8c84fa94-04c1-424b-9868-57a2d4851a1d" />
    <TestEntry testId="6ec0ea2a-9697-e223-ec33-708f7cdf9e9c" executionId="49e8b51e-9356-4ab0-b81f-217b1eaa6092" testListId="8c84fa94-04c1-424b-9868-57a2d4851a1d" />
    <TestEntry testId="540ff59c-e478-3bf7-24e5-ca67cd376eba" executionId="a3fc69cc-579c-4669-a5e2-565f832db960" testListId="8c84fa94-04c1-424b-9868-57a2d4851a1d" />
    <TestEntry testId="0bb7ebb1-403b-557c-7100-fb3eb06cd235" executionId="69c64dd7-0313-490b-99d3-a1eaf75e6ff1" testListId="8c84fa94-04c1-424b-9868-57a2d4851a1d" />
    <TestEntry testId="67236843-5830-8857-44d9-0857b5b448e0" executionId="dc20e432-dd12-46e9-80fb-99575766c442" testListId="8c84fa94-04c1-424b-9868-57a2d4851a1d" />
    <TestEntry testId="edb996cd-541e-3eab-485c-34dde8270be0" executionId="c82019a8-5381-40bb-8336-91317ced8a5d" testListId="8c84fa94-04c1-424b-9868-57a2d4851a1d" />
    <TestEntry testId="aec97658-a7a6-408b-9394-319544a09631" executionId="7d522c27-ee19-474d-b7a5-5e410d461353" testListId="8c84fa94-04c1-424b-9868-57a2d4851a1d" />
    <TestEntry testId="862ab0f6-5359-29b7-c2ef-81d78ef321c3" executionId="933a10da-9474-49a5-a29b-ac44f221f4df" testListId="8c84fa94-04c1-424b-9868-57a2d4851a1d" />
    <TestEntry testId="ea8bb01d-fb50-5380-769e-835f626fed70" executionId="49146fb5-7bd9-4f4d-8417-b65bad47eb8e" testListId="8c84fa94-04c1-424b-9868-57a2d4851a1d" />
    <TestEntry testId="8e7c777f-37a0-fc41-3200-6c6dc1cd0887" executionId="2fcc444e-9c13-4553-bf6f-c3361c74c4cf" testListId="8c84fa94-04c1-424b-9868-57a2d4851a1d" />
    <TestEntry testId="47b30b23-21a7-782b-b872-8a3650b0d828" executionId="eab3c403-7f60-4fde-b429-e8b275df8e56" testListId="8c84fa94-04c1-424b-9868-57a2d4851a1d" />
    <TestEntry testId="f8c192d2-d660-1dd2-c25a-5c6383f05a9d" executionId="0d4904aa-7681-4106-86a8-68e25051eeb7" testListId="8c84fa94-04c1-424b-9868-57a2d4851a1d" />
    <TestEntry testId="db54ba2a-6db8-262d-7810-1d3a36f461da" executionId="f6db47c2-0caf-4b3e-ad11-1ee2d62f57ac" testListId="8c84fa94-04c1-424b-9868-57a2d4851a1d" />
    <TestEntry testId="2e88f5ec-3a59-562c-2715-d941e6f56c3e" executionId="bf7ce091-4b5a-4330-a859-fe371e0dc398" testListId="8c84fa94-04c1-424b-9868-57a2d4851a1d" />
    <TestEntry testId="13c37573-8247-ba23-e8b8-2c3b52de6de9" executionId="8f4f6665-514a-4ad0-8c1f-5e835a47dd14" testListId="8c84fa94-04c1-424b-9868-57a2d4851a1d" />
    <TestEntry testId="f86aef63-9eff-a06f-711f-90583b225578" executionId="e2d9d4af-5e96-4cd7-a48d-44cfbf22aa31" testListId="8c84fa94-04c1-424b-9868-57a2d4851a1d" />
  </TestEntries>
  <TestLists>
    <TestList name="Results Not in a List" id="8c84fa94-04c1-424b-9868-57a2d4851a1d" />
    <TestList name="All Loaded Results" id="19431567-8539-422a-85d7-44ee4e166bda" />
  </TestLists>
  <ResultSummary outcome="Completed">
    <Counters total="40" executed="40" passed="40" failed="0" error="0" timeout="0" aborted="0" inconclusive="0" passedButRunAborted="0" notRunnable="0" notExecuted="0" disconnected="0" warning="0" completed="0" inProgress="0" pending="0" />
    <Output>
      <StdOut>NUnit Adapter 4.5.0.0: Test execution started&#xD;
Running all tests in C:\Users\cdigg\git\bim-open-toolkit\tests\Ara3D.BimOpenSchema.BuildingModel.Tests\bin\Debug\net8.0\Ara3D.BimOpenSchema.BuildingModel.Tests.dll&#xD;
   NUnit3TestExecutor discovered 40 of 40 NUnit test cases using Current Discovery mode, Non-Explicit run&#xD;
NUnit Adapter 4.5.0.0: Test execution complete&#xD;
</StdOut>
    </Output>
  </ResultSummary>
</TestRun>